<?xml version="1.0" encoding="UTF-8"?>
<coverage generated="1642251209288" clover="3.2.0">
  <project timestamp="1642251209288" name="All files">
    <metrics statements="53" coveredstatements="46" conditionals="26" coveredconditionals="17" methods="17" coveredmethods="15" elements="96" coveredelements="78" complexity="0" loc="53" ncloc="53" packages="3" files="9" classes="9"/>
    <package name="src">
      <metrics statements="22" coveredstatements="16" conditionals="6" coveredconditionals="1" methods="3" coveredmethods="2"/>
      <file name="App.tsx" path="/home/runner/work/otus-react-redux-hw-7/otus-react-redux-hw-7/src/App.tsx">
        <metrics statements="21" coveredstatements="16" conditionals="6" coveredconditionals="1" methods="3" coveredmethods="2"/>
        <line num="7" count="1" type="stmt"/>
        <line num="8" count="1" type="stmt"/>
        <line num="10" count="1" type="stmt"/>
        <line num="11" count="2" type="stmt"/>
        <line num="12" count="2" type="stmt"/>
        <line num="13" count="2" type="stmt"/>
        <line num="15" count="2" type="stmt"/>
        <line num="17" count="2" type="stmt"/>
        <line num="18" count="1" type="stmt"/>
        <line num="19" count="1" type="cond" truecount="1" falsecount="1"/>
        <line num="20" count="1" type="stmt"/>
        <line num="21" count="1" type="stmt"/>
        <line num="22" count="9" type="stmt"/>
        <line num="24" count="1" type="stmt"/>
        <line num="27" count="2" type="stmt"/>
        <line num="28" count="0" type="cond" truecount="0" falsecount="4"/>
        <line num="29" count="0" type="stmt"/>
        <line num="32" count="0" type="stmt"/>
        <line num="33" count="0" type="stmt"/>
        <line num="34" count="0" type="stmt"/>
        <line num="37" count="2" type="stmt"/>
      </file>
      <file name="index.tsx" path="/home/runner/work/otus-react-redux-hw-7/otus-react-redux-hw-7/src/index.tsx">
        <metrics statements="1" coveredstatements="0" conditionals="0" coveredconditionals="0" methods="0" coveredmethods="0"/>
        <line num="6" count="0" type="stmt"/>
      </file>
    </package>
    <package name="src.Cell">
      <metrics statements="20" coveredstatements="19" conditionals="20" coveredconditionals="16" methods="12" coveredmethods="11"/>
      <file name="Cell.tsx" path="/home/runner/work/otus-react-redux-hw-7/otus-react-redux-hw-7/src/Cell/Cell.tsx">
        <metrics statements="16" coveredstatements="16" conditionals="18" coveredconditionals="16" methods="11" coveredmethods="11"/>
        <line num="12" count="3" type="stmt"/>
        <line num="14" count="17" type="cond" truecount="2" falsecount="0"/>
        <line num="15" count="17" type="cond" truecount="1" falsecount="1"/>
        <line num="17" count="17" type="stmt"/>
        <line num="18" count="17" type="stmt"/>
        <line num="19" count="17" type="cond" truecount="2" falsecount="0"/>
        <line num="20" count="17" type="cond" truecount="1" falsecount="1"/>
        <line num="23" count="17" type="cond" truecount="2" falsecount="0"/>
        <line num="28" count="17" type="cond" truecount="2" falsecount="0"/>
        <line num="34" count="3" type="stmt"/>
        <line num="35" count="17" type="cond" truecount="2" falsecount="0"/>
        <line num="47" count="3" type="stmt"/>
        <line num="55" count="17" type="stmt"/>
        <line num="56" count="2" type="stmt"/>
        <line num="58" count="17" type="stmt"/>
        <line num="60" count="17" type="stmt"/>
      </file>
      <file name="constatnts.ts" path="/home/runner/work/otus-react-redux-hw-7/otus-react-redux-hw-7/src/Cell/constatnts.ts">
        <metrics statements="2" coveredstatements="2" conditionals="0" coveredconditionals="0" methods="0" coveredmethods="0"/>
        <line num="1" count="3" type="stmt"/>
        <line num="2" count="3" type="stmt"/>
      </file>
      <file name="index.tsx" path="/home/runner/work/otus-react-redux-hw-7/otus-react-redux-hw-7/src/Cell/index.tsx">
        <metrics statements="0" coveredstatements="0" conditionals="0" coveredconditionals="0" methods="0" coveredmethods="0"/>
      </file>
      <file name="models.ts" path="/home/runner/work/otus-react-redux-hw-7/otus-react-redux-hw-7/src/Cell/models.ts">
        <metrics statements="0" coveredstatements="0" conditionals="0" coveredconditionals="0" methods="0" coveredmethods="0"/>
      </file>
      <file name="utils.ts" path="/home/runner/work/otus-react-redux-hw-7/otus-react-redux-hw-7/src/Cell/utils.ts">
        <metrics statements="2" coveredstatements="1" conditionals="2" coveredconditionals="0" methods="1" coveredmethods="0"/>
        <line num="3" count="1" type="stmt"/>
        <line num="4" count="0" type="cond" truecount="0" falsecount="2"/>
      </file>
    </package>
    <package name="src.GameField">
      <metrics statements="11" coveredstatements="11" conditionals="0" coveredconditionals="0" methods="2" coveredmethods="2"/>
      <file name="GameField.tsx" path="/home/runner/work/otus-react-redux-hw-7/otus-react-redux-hw-7/src/GameField/GameField.tsx">
        <metrics statements="11" coveredstatements="11" conditionals="0" coveredconditionals="0" methods="2" coveredmethods="2"/>
        <line num="6" count="2" type="stmt"/>
        <line num="16" count="2" type="stmt"/>
        <line num="17" count="4" type="stmt"/>
        <line num="18" count="4" type="stmt"/>
        <line num="19" count="4" type="stmt"/>
        <line num="22" count="15" type="stmt"/>
        <line num="23" count="15" type="stmt"/>
        <line num="24" count="15" type="stmt"/>
        <line num="25" count="15" type="stmt"/>
        <line num="26" count="15" type="stmt"/>
        <line num="27" count="15" type="stmt"/>
      </file>
      <file name="index.tsx" path="/home/runner/work/otus-react-redux-hw-7/otus-react-redux-hw-7/src/GameField/index.tsx">
        <metrics statements="0" coveredstatements="0" conditionals="0" coveredconditionals="0" methods="0" coveredmethods="0"/>
      </file>
    </package>
  </project>
</coverage>
