{"/home/runner/work/otus-react-redux-hw-7/otus-react-redux-hw-7/src/index.tsx": {"path":"/home/runner/work/otus-react-redux-hw-7/otus-react-redux-hw-7/src/index.tsx","statementMap":{"0":{"start":{"line":9,"column":13},"end":{"line":20,"column":1}},"1":{"start":{"line":11,"column":28},"end":{"line":11,"column":61}},"2":{"start":{"line":13,"column":2},"end":{"line":19,"column":4}},"3":{"start":{"line":22,"column":0},"end":{"line":22,"column":59}}},"fnMap":{"0":{"name":"(anonymous_0)","decl":{"start":{"line":9,"column":13},"end":{"line":9,"column":14}},"loc":{"start":{"line":9,"column":19},"end":{"line":20,"column":1}},"line":9}},"branchMap":{},"s":{"0":0,"1":0,"2":0,"3":0},"f":{"0":0},"b":{}}
,"/home/runner/work/otus-react-redux-hw-7/otus-react-redux-hw-7/src/initialState.ts": {"path":"/home/runner/work/otus-react-redux-hw-7/otus-react-redux-hw-7/src/initialState.ts","statementMap":{"0":{"start":{"line":4,"column":29},"end":{"line":4,"column":30}},"1":{"start":{"line":6,"column":29},"end":{"line":9,"column":1}}},"fnMap":{},"branchMap":{},"s":{"0":5,"1":5},"f":{},"b":{},"_coverageSchema":"1a1c01bbd47fc00a2c39e90264f33305004495a9","hash":"233b896ddc10b26e42bf2df42891fd4b47eb875c"}
,"/home/runner/work/otus-react-redux-hw-7/otus-react-redux-hw-7/src/reducer.ts": {"path":"/home/runner/work/otus-react-redux-hw-7/otus-react-redux-hw-7/src/reducer.ts","statementMap":{"0":{"start":{"line":9,"column":16},"end":{"line":29,"column":1}},"1":{"start":{"line":10,"column":2},"end":{"line":28,"column":3}},"2":{"start":{"line":12,"column":61},"end":{"line":12,"column":81}},"3":{"start":{"line":13,"column":26},"end":{"line":13,"column":55}},"4":{"start":{"line":14,"column":6},"end":{"line":18,"column":8}},"5":{"start":{"line":22,"column":59},"end":{"line":22,"column":79}},"6":{"start":{"line":23,"column":6},"end":{"line":26,"column":8}}},"fnMap":{"0":{"name":"(anonymous_0)","decl":{"start":{"line":9,"column":16},"end":{"line":9,"column":17}},"loc":{"start":{"line":9,"column":52},"end":{"line":29,"column":1}},"line":9}},"branchMap":{"0":{"loc":{"start":{"line":10,"column":2},"end":{"line":28,"column":3}},"type":"switch","locations":[{"start":{"line":11,"column":4},"end":{"line":19,"column":5}},{"start":{"line":21,"column":4},"end":{"line":27,"column":5}}],"line":10},"1":{"loc":{"start":{"line":12,"column":14},"end":{"line":12,"column":56}},"type":"default-arg","locations":[{"start":{"line":12,"column":30},"end":{"line":12,"column":56}}],"line":12},"2":{"loc":{"start":{"line":12,"column":61},"end":{"line":12,"column":81}},"type":"binary-expr","locations":[{"start":{"line":12,"column":61},"end":{"line":12,"column":75}},{"start":{"line":12,"column":79},"end":{"line":12,"column":81}}],"line":12},"3":{"loc":{"start":{"line":22,"column":14},"end":{"line":22,"column":42}},"type":"default-arg","locations":[{"start":{"line":22,"column":27},"end":{"line":22,"column":42}}],"line":22},"4":{"loc":{"start":{"line":22,"column":44},"end":{"line":22,"column":54}},"type":"default-arg","locations":[{"start":{"line":22,"column":53},"end":{"line":22,"column":54}}],"line":22},"5":{"loc":{"start":{"line":22,"column":59},"end":{"line":22,"column":79}},"type":"binary-expr","locations":[{"start":{"line":22,"column":59},"end":{"line":22,"column":73}},{"start":{"line":22,"column":77},"end":{"line":22,"column":79}}],"line":22}},"s":{"0":0,"1":0,"2":0,"3":0,"4":0,"5":0,"6":0},"f":{"0":0},"b":{"0":[0,0],"1":[0],"2":[0,0],"3":[0],"4":[0],"5":[0,0]}}
,"/home/runner/work/otus-react-redux-hw-7/otus-react-redux-hw-7/src/store.tsx": {"path":"/home/runner/work/otus-react-redux-hw-7/otus-react-redux-hw-7/src/store.tsx","statementMap":{},"fnMap":{"0":{"name":"(anonymous_0)","decl":{"start":{"line":10,"column":12},"end":{"line":10,"column":13}},"loc":{"start":{"line":10,"column":18},"end":{"line":10,"column":20}},"line":10}},"branchMap":{},"s":{},"f":{"0":0},"b":{},"_coverageSchema":"1a1c01bbd47fc00a2c39e90264f33305004495a9","hash":"1f1ab634c291f11b859700c2306c664c7552fffd"}
,"/home/runner/work/otus-react-redux-hw-7/otus-react-redux-hw-7/src/App/AppBody.tsx": {"path":"/home/runner/work/otus-react-redux-hw-7/otus-react-redux-hw-7/src/App/AppBody.tsx","statementMap":{"0":{"start":{"line":5,"column":13},"end":{"line":8,"column":1}},"1":{"start":{"line":10,"column":20},"end":{"line":16,"column":1}},"2":{"start":{"line":11,"column":2},"end":{"line":15,"column":4}}},"fnMap":{"0":{"name":"(anonymous_0)","decl":{"start":{"line":10,"column":20},"end":{"line":10,"column":21}},"loc":{"start":{"line":10,"column":26},"end":{"line":16,"column":1}},"line":10}},"branchMap":{},"s":{"0":3,"1":3,"2":4},"f":{"0":4},"b":{},"_coverageSchema":"1a1c01bbd47fc00a2c39e90264f33305004495a9","hash":"7b2f517a4ab22a299be673f423daceaf67ecc973"}
,"/home/runner/work/otus-react-redux-hw-7/otus-react-redux-hw-7/src/App/AppBottom.tsx": {"path":"/home/runner/work/otus-react-redux-hw-7/otus-react-redux-hw-7/src/App/AppBottom.tsx","statementMap":{"0":{"start":{"line":4,"column":22},"end":{"line":10,"column":1}},"1":{"start":{"line":5,"column":2},"end":{"line":9,"column":4}}},"fnMap":{"0":{"name":"(anonymous_0)","decl":{"start":{"line":4,"column":22},"end":{"line":4,"column":23}},"loc":{"start":{"line":4,"column":28},"end":{"line":10,"column":1}},"line":4}},"branchMap":{},"s":{"0":3,"1":3},"f":{"0":3},"b":{},"_coverageSchema":"1a1c01bbd47fc00a2c39e90264f33305004495a9","hash":"9a133364cb5fb745d2375b91bf44305995db3e0c"}
,"/home/runner/work/otus-react-redux-hw-7/otus-react-redux-hw-7/src/App/AppHeader.tsx": {"path":"/home/runner/work/otus-react-redux-hw-7/otus-react-redux-hw-7/src/App/AppHeader.tsx","statementMap":{"0":{"start":{"line":4,"column":22},"end":{"line":10,"column":1}},"1":{"start":{"line":5,"column":2},"end":{"line":9,"column":4}}},"fnMap":{"0":{"name":"(anonymous_0)","decl":{"start":{"line":4,"column":22},"end":{"line":4,"column":23}},"loc":{"start":{"line":4,"column":28},"end":{"line":10,"column":1}},"line":4}},"branchMap":{},"s":{"0":3,"1":3},"f":{"0":3},"b":{},"_coverageSchema":"1a1c01bbd47fc00a2c39e90264f33305004495a9","hash":"04f04b8b65f53156784427e04c2fdc3d8b5f41db"}
,"/home/runner/work/otus-react-redux-hw-7/otus-react-redux-hw-7/src/App/index.tsx": {"path":"/home/runner/work/otus-react-redux-hw-7/otus-react-redux-hw-7/src/App/index.tsx","statementMap":{"0":{"start":{"line":9,"column":13},"end":{"line":15,"column":1}},"1":{"start":{"line":17,"column":18},"end":{"line":26,"column":1}},"2":{"start":{"line":37,"column":16},"end":{"line":46,"column":1}},"3":{"start":{"line":38,"column":2},"end":{"line":45,"column":4}}},"fnMap":{"0":{"name":"(anonymous_0)","decl":{"start":{"line":37,"column":16},"end":{"line":37,"column":17}},"loc":{"start":{"line":37,"column":22},"end":{"line":46,"column":1}},"line":37}},"branchMap":{},"s":{"0":2,"1":2,"2":2,"3":2},"f":{"0":2},"b":{},"_coverageSchema":"1a1c01bbd47fc00a2c39e90264f33305004495a9","hash":"41f676c0af527b3e6c3a777cbf42913a1f2ce4d9"}
,"/home/runner/work/otus-react-redux-hw-7/otus-react-redux-hw-7/src/layout/Panel.ts": {"path":"/home/runner/work/otus-react-redux-hw-7/otus-react-redux-hw-7/src/layout/Panel.ts","statementMap":{"0":{"start":{"line":3,"column":14},"end":{"line":10,"column":1}}},"fnMap":{},"branchMap":{},"s":{"0":4},"f":{},"b":{},"_coverageSchema":"1a1c01bbd47fc00a2c39e90264f33305004495a9","hash":"df9bd22d602123251495efd7e67bd6d27b2874ab"}
,"/home/runner/work/otus-react-redux-hw-7/otus-react-redux-hw-7/src/model/IAction.ts": {"path":"/home/runner/work/otus-react-redux-hw-7/otus-react-redux-hw-7/src/model/IAction.ts","statementMap":{},"fnMap":{},"branchMap":{},"s":{},"f":{},"b":{}}
,"/home/runner/work/otus-react-redux-hw-7/otus-react-redux-hw-7/src/model/ICellInfo.ts": {"path":"/home/runner/work/otus-react-redux-hw-7/otus-react-redux-hw-7/src/model/ICellInfo.ts","statementMap":{},"fnMap":{},"branchMap":{},"s":{},"f":{},"b":{},"_coverageSchema":"1a1c01bbd47fc00a2c39e90264f33305004495a9","hash":"c70d0f93b6b094ad1448802d389557ff68581b70"}
,"/home/runner/work/otus-react-redux-hw-7/otus-react-redux-hw-7/src/model/IPayload.ts": {"path":"/home/runner/work/otus-react-redux-hw-7/otus-react-redux-hw-7/src/model/IPayload.ts","statementMap":{},"fnMap":{},"branchMap":{},"s":{},"f":{},"b":{}}
,"/home/runner/work/otus-react-redux-hw-7/otus-react-redux-hw-7/src/model/IState.ts": {"path":"/home/runner/work/otus-react-redux-hw-7/otus-react-redux-hw-7/src/model/IState.ts","statementMap":{},"fnMap":{},"branchMap":{},"s":{},"f":{},"b":{}}
,"/home/runner/work/otus-react-redux-hw-7/otus-react-redux-hw-7/src/model/index.ts": {"path":"/home/runner/work/otus-react-redux-hw-7/otus-react-redux-hw-7/src/model/index.ts","statementMap":{},"fnMap":{},"branchMap":{},"s":{},"f":{},"b":{}}
,"/home/runner/work/otus-react-redux-hw-7/otus-react-redux-hw-7/src/modules/Cell/actionType.ts": {"path":"/home/runner/work/otus-react-redux-hw-7/otus-react-redux-hw-7/src/modules/Cell/actionType.ts","statementMap":{"0":{"start":{"line":1,"column":15},"end":{"line":1,"column":23}}},"fnMap":{},"branchMap":{},"s":{"0":5},"f":{},"b":{},"_coverageSchema":"1a1c01bbd47fc00a2c39e90264f33305004495a9","hash":"ccb357e0cd37de3cc5febf4b1e57a84617c193d7"}
,"/home/runner/work/otus-react-redux-hw-7/otus-react-redux-hw-7/src/modules/Cell/actions.ts": {"path":"/home/runner/work/otus-react-redux-hw-7/otus-react-redux-hw-7/src/modules/Cell/actions.ts","statementMap":{"0":{"start":{"line":4,"column":24},"end":{"line":7,"column":2}},"1":{"start":{"line":4,"column":68},"end":{"line":7,"column":1}}},"fnMap":{"0":{"name":"(anonymous_0)","decl":{"start":{"line":4,"column":24},"end":{"line":4,"column":25}},"loc":{"start":{"line":4,"column":68},"end":{"line":7,"column":1}},"line":4}},"branchMap":{},"s":{"0":5,"1":1},"f":{"0":1},"b":{},"_coverageSchema":"1a1c01bbd47fc00a2c39e90264f33305004495a9","hash":"a2e5d046141d8e95d9af02c57b312abc15a1ecd8"}
,"/home/runner/work/otus-react-redux-hw-7/otus-react-redux-hw-7/src/modules/Cell/constatnts.ts": {"path":"/home/runner/work/otus-react-redux-hw-7/otus-react-redux-hw-7/src/modules/Cell/constatnts.ts","statementMap":{"0":{"start":{"line":1,"column":26},"end":{"line":1,"column":28}},"1":{"start":{"line":2,"column":27},"end":{"line":2,"column":29}}},"fnMap":{},"branchMap":{},"s":{"0":5,"1":5},"f":{},"b":{},"_coverageSchema":"1a1c01bbd47fc00a2c39e90264f33305004495a9","hash":"a3e67044f2bf3c95766cccaa7e648c3cacef44b2"}
,"/home/runner/work/otus-react-redux-hw-7/otus-react-redux-hw-7/src/modules/Cell/index.tsx": {"path":"/home/runner/work/otus-react-redux-hw-7/otus-react-redux-hw-7/src/modules/Cell/index.tsx","statementMap":{"0":{"start":{"line":15,"column":18},"end":{"line":32,"column":1}},"1":{"start":{"line":17,"column":28},"end":{"line":17,"column":58}},"2":{"start":{"line":18,"column":30},"end":{"line":18,"column":62}},"3":{"start":{"line":20,"column":36},"end":{"line":20,"column":61}},"4":{"start":{"line":21,"column":37},"end":{"line":21,"column":62}},"5":{"start":{"line":22,"column":47},"end":{"line":22,"column":88}},"6":{"start":{"line":23,"column":49},"end":{"line":23,"column":91}},"7":{"start":{"line":26,"column":21},"end":{"line":26,"column":49}},"8":{"start":{"line":31,"column":32},"end":{"line":31,"column":55}},"9":{"start":{"line":37,"column":16},"end":{"line":39,"column":1}},"10":{"start":{"line":38,"column":32},"end":{"line":38,"column":55}},"11":{"start":{"line":49,"column":34},"end":{"line":74,"column":1}},"12":{"start":{"line":55,"column":23},"end":{"line":55,"column":40}},"13":{"start":{"line":57,"column":22},"end":{"line":59,"column":3}},"14":{"start":{"line":58,"column":4},"end":{"line":58,"column":45}},"15":{"start":{"line":60,"column":21},"end":{"line":60,"column":27}},"16":{"start":{"line":62,"column":2},"end":{"line":73,"column":4}}},"fnMap":{"0":{"name":"(anonymous_0)","decl":{"start":{"line":17,"column":11},"end":{"line":17,"column":12}},"loc":{"start":{"line":17,"column":28},"end":{"line":17,"column":58}},"line":17},"1":{"name":"(anonymous_1)","decl":{"start":{"line":18,"column":12},"end":{"line":18,"column":13}},"loc":{"start":{"line":18,"column":30},"end":{"line":18,"column":62}},"line":18},"2":{"name":"(anonymous_2)","decl":{"start":{"line":20,"column":16},"end":{"line":20,"column":17}},"loc":{"start":{"line":20,"column":36},"end":{"line":20,"column":61}},"line":20},"3":{"name":"(anonymous_3)","decl":{"start":{"line":21,"column":17},"end":{"line":21,"column":18}},"loc":{"start":{"line":21,"column":37},"end":{"line":21,"column":62}},"line":21},"4":{"name":"(anonymous_4)","decl":{"start":{"line":22,"column":18},"end":{"line":22,"column":19}},"loc":{"start":{"line":22,"column":47},"end":{"line":22,"column":88}},"line":22},"5":{"name":"(anonymous_5)","decl":{"start":{"line":23,"column":19},"end":{"line":23,"column":20}},"loc":{"start":{"line":23,"column":49},"end":{"line":23,"column":91}},"line":23},"6":{"name":"(anonymous_6)","decl":{"start":{"line":26,"column":4},"end":{"line":26,"column":5}},"loc":{"start":{"line":26,"column":21},"end":{"line":26,"column":49}},"line":26},"7":{"name":"(anonymous_7)","decl":{"start":{"line":31,"column":16},"end":{"line":31,"column":17}},"loc":{"start":{"line":31,"column":32},"end":{"line":31,"column":55}},"line":31},"8":{"name":"(anonymous_8)","decl":{"start":{"line":38,"column":16},"end":{"line":38,"column":17}},"loc":{"start":{"line":38,"column":32},"end":{"line":38,"column":55}},"line":38},"9":{"name":"(anonymous_9)","decl":{"start":{"line":49,"column":34},"end":{"line":49,"column":35}},"loc":{"start":{"line":54,"column":6},"end":{"line":74,"column":1}},"line":54},"10":{"name":"(anonymous_10)","decl":{"start":{"line":57,"column":22},"end":{"line":57,"column":23}},"loc":{"start":{"line":57,"column":28},"end":{"line":59,"column":3}},"line":57}},"branchMap":{"0":{"loc":{"start":{"line":17,"column":42},"end":{"line":17,"column":57}},"type":"cond-expr","locations":[{"start":{"line":17,"column":52},"end":{"line":17,"column":53}},{"start":{"line":17,"column":56},"end":{"line":17,"column":57}}],"line":17},"1":{"loc":{"start":{"line":18,"column":45},"end":{"line":18,"column":61}},"type":"cond-expr","locations":[{"start":{"line":18,"column":56},"end":{"line":18,"column":57}},{"start":{"line":18,"column":60},"end":{"line":18,"column":61}}],"line":18},"2":{"loc":{"start":{"line":22,"column":60},"end":{"line":22,"column":85}},"type":"cond-expr","locations":[{"start":{"line":22,"column":70},"end":{"line":22,"column":80}},{"start":{"line":22,"column":83},"end":{"line":22,"column":85}}],"line":22},"3":{"loc":{"start":{"line":23,"column":62},"end":{"line":23,"column":88}},"type":"cond-expr","locations":[{"start":{"line":23,"column":73},"end":{"line":23,"column":83}},{"start":{"line":23,"column":86},"end":{"line":23,"column":88}}],"line":23},"4":{"loc":{"start":{"line":26,"column":21},"end":{"line":26,"column":49}},"type":"cond-expr","locations":[{"start":{"line":26,"column":30},"end":{"line":26,"column":44}},{"start":{"line":26,"column":47},"end":{"line":26,"column":49}}],"line":26},"5":{"loc":{"start":{"line":31,"column":32},"end":{"line":31,"column":55}},"type":"cond-expr","locations":[{"start":{"line":31,"column":40},"end":{"line":31,"column":46}},{"start":{"line":31,"column":49},"end":{"line":31,"column":55}}],"line":31},"6":{"loc":{"start":{"line":38,"column":32},"end":{"line":38,"column":55}},"type":"cond-expr","locations":[{"start":{"line":38,"column":40},"end":{"line":38,"column":46}},{"start":{"line":38,"column":49},"end":{"line":38,"column":55}}],"line":38},"7":{"loc":{"start":{"line":51,"column":2},"end":{"line":51,"column":26}},"type":"default-arg","locations":[{"start":{"line":51,"column":11},"end":{"line":51,"column":26}}],"line":51},"8":{"loc":{"start":{"line":52,"column":2},"end":{"line":52,"column":15}},"type":"default-arg","locations":[{"start":{"line":52,"column":11},"end":{"line":52,"column":15}}],"line":52},"9":{"loc":{"start":{"line":53,"column":2},"end":{"line":53,"column":16}},"type":"default-arg","locations":[{"start":{"line":53,"column":12},"end":{"line":53,"column":16}}],"line":53}},"s":{"0":5,"1":38,"2":38,"3":38,"4":38,"5":38,"6":38,"7":38,"8":38,"9":5,"10":38,"11":5,"12":38,"13":38,"14":1,"15":38,"16":38},"f":{"0":38,"1":38,"2":38,"3":38,"4":38,"5":38,"6":38,"7":38,"8":38,"9":38,"10":1},"b":{"0":[12,26],"1":[0,38],"2":[12,26],"3":[0,38],"4":[12,26],"5":[38,0],"6":[38,0],"7":[2],"8":[2],"9":[2]},"_coverageSchema":"1a1c01bbd47fc00a2c39e90264f33305004495a9","hash":"7d3086924ec6652dba84a441289780cfcbb07174"}
,"/home/runner/work/otus-react-redux-hw-7/otus-react-redux-hw-7/src/modules/Cell/models.ts": {"path":"/home/runner/work/otus-react-redux-hw-7/otus-react-redux-hw-7/src/modules/Cell/models.ts","statementMap":{},"fnMap":{},"branchMap":{},"s":{},"f":{},"b":{}}
,"/home/runner/work/otus-react-redux-hw-7/otus-react-redux-hw-7/src/modules/Cell/utils.ts": {"path":"/home/runner/work/otus-react-redux-hw-7/otus-react-redux-hw-7/src/modules/Cell/utils.ts","statementMap":{"0":{"start":{"line":3,"column":27},"end":{"line":4,"column":61}},"1":{"start":{"line":4,"column":2},"end":{"line":4,"column":61}}},"fnMap":{"0":{"name":"(anonymous_0)","decl":{"start":{"line":3,"column":27},"end":{"line":3,"column":28}},"loc":{"start":{"line":4,"column":2},"end":{"line":4,"column":61}},"line":4}},"branchMap":{"0":{"loc":{"start":{"line":4,"column":2},"end":{"line":4,"column":61}},"type":"cond-expr","locations":[{"start":{"line":4,"column":29},"end":{"line":4,"column":43}},{"start":{"line":4,"column":46},"end":{"line":4,"column":61}}],"line":4}},"s":{"0":0,"1":0},"f":{"0":0},"b":{"0":[0,0]}}
,"/home/runner/work/otus-react-redux-hw-7/otus-react-redux-hw-7/src/modules/GameField/actionType.ts": {"path":"/home/runner/work/otus-react-redux-hw-7/otus-react-redux-hw-7/src/modules/GameField/actionType.ts","statementMap":{"0":{"start":{"line":1,"column":15},"end":{"line":1,"column":29}}},"fnMap":{},"branchMap":{},"s":{"0":0},"f":{},"b":{}}
,"/home/runner/work/otus-react-redux-hw-7/otus-react-redux-hw-7/src/modules/GameField/index.tsx": {"path":"/home/runner/work/otus-react-redux-hw-7/otus-react-redux-hw-7/src/modules/GameField/index.tsx","statementMap":{"0":{"start":{"line":8,"column":30},"end":{"line":17,"column":1}},"1":{"start":{"line":19,"column":22},"end":{"line":51,"column":1}},"2":{"start":{"line":20,"column":20},"end":{"line":20,"column":37}},"3":{"start":{"line":21,"column":43},"end":{"line":21,"column":48}},"4":{"start":{"line":22,"column":22},"end":{"line":22,"column":39}},"5":{"start":{"line":23,"column":23},"end":{"line":23,"column":75}},"6":{"start":{"line":25,"column":2},"end":{"line":27,"column":3}},"7":{"start":{"line":26,"column":4},"end":{"line":26,"column":49}},"8":{"start":{"line":29,"column":2},"end":{"line":50,"column":4}},"9":{"start":{"line":32,"column":18},"end":{"line":32,"column":51}},"10":{"start":{"line":33,"column":18},"end":{"line":33,"column":39}},"11":{"start":{"line":34,"column":24},"end":{"line":34,"column":41}},"12":{"start":{"line":35,"column":25},"end":{"line":35,"column":43}},"13":{"start":{"line":36,"column":23},"end":{"line":36,"column":30}},"14":{"start":{"line":37,"column":8},"end":{"line":46,"column":10}}},"fnMap":{"0":{"name":"(anonymous_0)","decl":{"start":{"line":19,"column":22},"end":{"line":19,"column":23}},"loc":{"start":{"line":19,"column":28},"end":{"line":51,"column":1}},"line":19},"1":{"name":"(anonymous_1)","decl":{"start":{"line":31,"column":25},"end":{"line":31,"column":26}},"loc":{"start":{"line":31,"column":61},"end":{"line":47,"column":7}},"line":31}},"branchMap":{"0":{"loc":{"start":{"line":25,"column":2},"end":{"line":27,"column":3}},"type":"if","locations":[{"start":{"line":25,"column":2},"end":{"line":27,"column":3}},{"start":{},"end":{}}],"line":25}},"s":{"0":4,"1":4,"2":5,"3":5,"4":5,"5":5,"6":5,"7":1,"8":4,"9":36,"10":36,"11":36,"12":36,"13":36,"14":36},"f":{"0":5,"1":36},"b":{"0":[1,4]},"_coverageSchema":"1a1c01bbd47fc00a2c39e90264f33305004495a9","hash":"ad4412b89312609008b4709742b672d4dfa92608"}
,"/home/runner/work/otus-react-redux-hw-7/otus-react-redux-hw-7/src/utils/createGameField.ts": {"path":"/home/runner/work/otus-react-redux-hw-7/otus-react-redux-hw-7/src/utils/createGameField.ts","statementMap":{"0":{"start":{"line":1,"column":24},"end":{"line":2,"column":49}},"1":{"start":{"line":2,"column":2},"end":{"line":2,"column":49}},"2":{"start":{"line":2,"column":42},"end":{"line":2,"column":48}}},"fnMap":{"0":{"name":"(anonymous_0)","decl":{"start":{"line":1,"column":24},"end":{"line":1,"column":25}},"loc":{"start":{"line":2,"column":2},"end":{"line":2,"column":49}},"line":2},"1":{"name":"(anonymous_1)","decl":{"start":{"line":2,"column":36},"end":{"line":2,"column":37}},"loc":{"start":{"line":2,"column":42},"end":{"line":2,"column":48}},"line":2}},"branchMap":{},"s":{"0":5,"1":5,"2":45},"f":{"0":5,"1":45},"b":{},"_coverageSchema":"1a1c01bbd47fc00a2c39e90264f33305004495a9","hash":"f6de718309cdc971c90ca756159cac897980a526"}
,"/home/runner/work/otus-react-redux-hw-7/otus-react-redux-hw-7/src/utils/index.ts": {"path":"/home/runner/work/otus-react-redux-hw-7/otus-react-redux-hw-7/src/utils/index.ts","statementMap":{},"fnMap":{},"branchMap":{},"s":{},"f":{},"b":{}}
,"/home/runner/work/otus-react-redux-hw-7/otus-react-redux-hw-7/src/utils/updateGameFieldByStatus.ts": {"path":"/home/runner/work/otus-react-redux-hw-7/otus-react-redux-hw-7/src/utils/updateGameFieldByStatus.ts","statementMap":{"0":{"start":{"line":1,"column":32},"end":{"line":5,"column":67}},"1":{"start":{"line":5,"column":5},"end":{"line":5,"column":67}},"2":{"start":{"line":5,"column":31},"end":{"line":5,"column":65}}},"fnMap":{"0":{"name":"(anonymous_0)","decl":{"start":{"line":1,"column":32},"end":{"line":1,"column":33}},"loc":{"start":{"line":5,"column":5},"end":{"line":5,"column":67}},"line":5},"1":{"name":"(anonymous_1)","decl":{"start":{"line":5,"column":15},"end":{"line":5,"column":16}},"loc":{"start":{"line":5,"column":31},"end":{"line":5,"column":65}},"line":5}},"branchMap":{"0":{"loc":{"start":{"line":2,"column":2},"end":{"line":2,"column":27}},"type":"default-arg","locations":[{"start":{"line":2,"column":25},"end":{"line":2,"column":27}}],"line":2},"1":{"loc":{"start":{"line":4,"column":2},"end":{"line":4,"column":24}},"type":"default-arg","locations":[{"start":{"line":4,"column":23},"end":{"line":4,"column":24}}],"line":4},"2":{"loc":{"start":{"line":5,"column":31},"end":{"line":5,"column":65}},"type":"cond-expr","locations":[{"start":{"line":5,"column":48},"end":{"line":5,"column":58}},{"start":{"line":5,"column":61},"end":{"line":5,"column":65}}],"line":5}},"s":{"0":0,"1":0,"2":0},"f":{"0":0,"1":0},"b":{"0":[0],"1":[0],"2":[0,0]}}
}
