{"/home/runner/work/otus-react-redux-hw-7/otus-react-redux-hw-7/src/App.tsx": {"path":"/home/runner/work/otus-react-redux-hw-7/otus-react-redux-hw-7/src/App.tsx","statementMap":{"0":{"start":{"line":7,"column":20},"end":{"line":7,"column":21}},"1":{"start":{"line":8,"column":21},"end":{"line":8,"column":22}},"2":{"start":{"line":10,"column":16},"end":{"line":45,"column":1}},"3":{"start":{"line":11,"column":16},"end":{"line":11,"column":27}},"4":{"start":{"line":12,"column":17},"end":{"line":12,"column":29}},"5":{"start":{"line":13,"column":18},"end":{"line":13,"column":23}},"6":{"start":{"line":15,"column":26},"end":{"line":15,"column":55}},"7":{"start":{"line":17,"column":2},"end":{"line":25,"column":31}},"8":{"start":{"line":18,"column":24},"end":{"line":18,"column":38}},"9":{"start":{"line":19,"column":27},"end":{"line":19,"column":67}},"10":{"start":{"line":20,"column":32},"end":{"line":20,"column":34}},"11":{"start":{"line":21,"column":4},"end":{"line":23,"column":5}},"12":{"start":{"line":21,"column":17},"end":{"line":21,"column":18}},"13":{"start":{"line":22,"column":6},"end":{"line":22,"column":35}},"14":{"start":{"line":24,"column":4},"end":{"line":24,"column":21}},"15":{"start":{"line":27,"column":22},"end":{"line":35,"column":3}},"16":{"start":{"line":28,"column":4},"end":{"line":30,"column":5}},"17":{"start":{"line":29,"column":6},"end":{"line":29,"column":13}},"18":{"start":{"line":32,"column":20},"end":{"line":32,"column":33}},"19":{"start":{"line":33,"column":4},"end":{"line":33,"column":51}},"20":{"start":{"line":34,"column":4},"end":{"line":34,"column":21}},"21":{"start":{"line":37,"column":2},"end":{"line":44,"column":4}}},"fnMap":{"0":{"name":"(anonymous_0)","decl":{"start":{"line":10,"column":16},"end":{"line":10,"column":17}},"loc":{"start":{"line":10,"column":22},"end":{"line":45,"column":1}},"line":10},"1":{"name":"(anonymous_1)","decl":{"start":{"line":17,"column":12},"end":{"line":17,"column":13}},"loc":{"start":{"line":17,"column":18},"end":{"line":25,"column":3}},"line":17},"2":{"name":"(anonymous_2)","decl":{"start":{"line":27,"column":22},"end":{"line":27,"column":23}},"loc":{"start":{"line":27,"column":42},"end":{"line":35,"column":3}},"line":27}},"branchMap":{"0":{"loc":{"start":{"line":19,"column":27},"end":{"line":19,"column":67}},"type":"cond-expr","locations":[{"start":{"line":19,"column":37},"end":{"line":19,"column":51}},{"start":{"line":19,"column":54},"end":{"line":19,"column":67}}],"line":19},"1":{"loc":{"start":{"line":28,"column":4},"end":{"line":30,"column":5}},"type":"if","locations":[{"start":{"line":28,"column":4},"end":{"line":30,"column":5}},{"start":{},"end":{}}],"line":28},"2":{"loc":{"start":{"line":28,"column":8},"end":{"line":28,"column":43}},"type":"binary-expr","locations":[{"start":{"line":28,"column":8},"end":{"line":28,"column":18}},{"start":{"line":28,"column":22},"end":{"line":28,"column":43}}],"line":28}},"s":{"0":1,"1":1,"2":1,"3":2,"4":2,"5":2,"6":2,"7":2,"8":1,"9":1,"10":1,"11":1,"12":1,"13":9,"14":1,"15":2,"16":0,"17":0,"18":0,"19":0,"20":0,"21":2},"f":{"0":2,"1":1,"2":0},"b":{"0":[0,1],"1":[0,0],"2":[0,0]},"_coverageSchema":"1a1c01bbd47fc00a2c39e90264f33305004495a9","hash":"46cf0d4d0cf9e867c7deb2e20f785b4e9ed6efc5"}
,"/home/runner/work/otus-react-redux-hw-7/otus-react-redux-hw-7/src/index.tsx": {"path":"/home/runner/work/otus-react-redux-hw-7/otus-react-redux-hw-7/src/index.tsx","statementMap":{"0":{"start":{"line":6,"column":0},"end":{"line":11,"column":2}}},"fnMap":{},"branchMap":{},"s":{"0":0},"f":{},"b":{}}
,"/home/runner/work/otus-react-redux-hw-7/otus-react-redux-hw-7/src/Cell/Cell.tsx": {"path":"/home/runner/work/otus-react-redux-hw-7/otus-react-redux-hw-7/src/Cell/Cell.tsx","statementMap":{"0":{"start":{"line":12,"column":18},"end":{"line":29,"column":1}},"1":{"start":{"line":14,"column":28},"end":{"line":14,"column":58}},"2":{"start":{"line":15,"column":30},"end":{"line":15,"column":62}},"3":{"start":{"line":17,"column":36},"end":{"line":17,"column":61}},"4":{"start":{"line":18,"column":37},"end":{"line":18,"column":62}},"5":{"start":{"line":19,"column":47},"end":{"line":19,"column":88}},"6":{"start":{"line":20,"column":49},"end":{"line":20,"column":91}},"7":{"start":{"line":23,"column":21},"end":{"line":23,"column":49}},"8":{"start":{"line":28,"column":32},"end":{"line":28,"column":55}},"9":{"start":{"line":34,"column":16},"end":{"line":36,"column":1}},"10":{"start":{"line":35,"column":32},"end":{"line":35,"column":55}},"11":{"start":{"line":47,"column":41},"end":{"line":72,"column":1}},"12":{"start":{"line":55,"column":22},"end":{"line":57,"column":3}},"13":{"start":{"line":56,"column":4},"end":{"line":56,"column":22}},"14":{"start":{"line":58,"column":21},"end":{"line":58,"column":27}},"15":{"start":{"line":60,"column":2},"end":{"line":71,"column":4}}},"fnMap":{"0":{"name":"(anonymous_0)","decl":{"start":{"line":14,"column":11},"end":{"line":14,"column":12}},"loc":{"start":{"line":14,"column":28},"end":{"line":14,"column":58}},"line":14},"1":{"name":"(anonymous_1)","decl":{"start":{"line":15,"column":12},"end":{"line":15,"column":13}},"loc":{"start":{"line":15,"column":30},"end":{"line":15,"column":62}},"line":15},"2":{"name":"(anonymous_2)","decl":{"start":{"line":17,"column":16},"end":{"line":17,"column":17}},"loc":{"start":{"line":17,"column":36},"end":{"line":17,"column":61}},"line":17},"3":{"name":"(anonymous_3)","decl":{"start":{"line":18,"column":17},"end":{"line":18,"column":18}},"loc":{"start":{"line":18,"column":37},"end":{"line":18,"column":62}},"line":18},"4":{"name":"(anonymous_4)","decl":{"start":{"line":19,"column":18},"end":{"line":19,"column":19}},"loc":{"start":{"line":19,"column":47},"end":{"line":19,"column":88}},"line":19},"5":{"name":"(anonymous_5)","decl":{"start":{"line":20,"column":19},"end":{"line":20,"column":20}},"loc":{"start":{"line":20,"column":49},"end":{"line":20,"column":91}},"line":20},"6":{"name":"(anonymous_6)","decl":{"start":{"line":23,"column":4},"end":{"line":23,"column":5}},"loc":{"start":{"line":23,"column":21},"end":{"line":23,"column":49}},"line":23},"7":{"name":"(anonymous_7)","decl":{"start":{"line":28,"column":16},"end":{"line":28,"column":17}},"loc":{"start":{"line":28,"column":32},"end":{"line":28,"column":55}},"line":28},"8":{"name":"(anonymous_8)","decl":{"start":{"line":35,"column":16},"end":{"line":35,"column":17}},"loc":{"start":{"line":35,"column":32},"end":{"line":35,"column":55}},"line":35},"9":{"name":"(anonymous_9)","decl":{"start":{"line":47,"column":41},"end":{"line":47,"column":42}},"loc":{"start":{"line":54,"column":6},"end":{"line":72,"column":1}},"line":54},"10":{"name":"(anonymous_10)","decl":{"start":{"line":55,"column":22},"end":{"line":55,"column":23}},"loc":{"start":{"line":55,"column":28},"end":{"line":57,"column":3}},"line":55}},"branchMap":{"0":{"loc":{"start":{"line":14,"column":42},"end":{"line":14,"column":57}},"type":"cond-expr","locations":[{"start":{"line":14,"column":52},"end":{"line":14,"column":53}},{"start":{"line":14,"column":56},"end":{"line":14,"column":57}}],"line":14},"1":{"loc":{"start":{"line":15,"column":45},"end":{"line":15,"column":61}},"type":"cond-expr","locations":[{"start":{"line":15,"column":56},"end":{"line":15,"column":57}},{"start":{"line":15,"column":60},"end":{"line":15,"column":61}}],"line":15},"2":{"loc":{"start":{"line":19,"column":60},"end":{"line":19,"column":85}},"type":"cond-expr","locations":[{"start":{"line":19,"column":70},"end":{"line":19,"column":80}},{"start":{"line":19,"column":83},"end":{"line":19,"column":85}}],"line":19},"3":{"loc":{"start":{"line":20,"column":62},"end":{"line":20,"column":88}},"type":"cond-expr","locations":[{"start":{"line":20,"column":73},"end":{"line":20,"column":83}},{"start":{"line":20,"column":86},"end":{"line":20,"column":88}}],"line":20},"4":{"loc":{"start":{"line":23,"column":21},"end":{"line":23,"column":49}},"type":"cond-expr","locations":[{"start":{"line":23,"column":30},"end":{"line":23,"column":44}},{"start":{"line":23,"column":47},"end":{"line":23,"column":49}}],"line":23},"5":{"loc":{"start":{"line":28,"column":32},"end":{"line":28,"column":55}},"type":"cond-expr","locations":[{"start":{"line":28,"column":40},"end":{"line":28,"column":46}},{"start":{"line":28,"column":49},"end":{"line":28,"column":55}}],"line":28},"6":{"loc":{"start":{"line":35,"column":32},"end":{"line":35,"column":55}},"type":"cond-expr","locations":[{"start":{"line":35,"column":40},"end":{"line":35,"column":46}},{"start":{"line":35,"column":49},"end":{"line":35,"column":55}}],"line":35},"7":{"loc":{"start":{"line":49,"column":2},"end":{"line":49,"column":14}},"type":"default-arg","locations":[{"start":{"line":49,"column":10},"end":{"line":49,"column":14}}],"line":49},"8":{"loc":{"start":{"line":50,"column":2},"end":{"line":50,"column":15}},"type":"default-arg","locations":[{"start":{"line":50,"column":11},"end":{"line":50,"column":15}}],"line":50},"9":{"loc":{"start":{"line":51,"column":2},"end":{"line":51,"column":16}},"type":"default-arg","locations":[{"start":{"line":51,"column":12},"end":{"line":51,"column":16}}],"line":51},"10":{"loc":{"start":{"line":52,"column":2},"end":{"line":52,"column":17}},"type":"default-arg","locations":[{"start":{"line":52,"column":13},"end":{"line":52,"column":17}}],"line":52}},"s":{"0":3,"1":17,"2":17,"3":17,"4":17,"5":17,"6":17,"7":17,"8":17,"9":3,"10":17,"11":3,"12":17,"13":2,"14":17,"15":17},"f":{"0":17,"1":17,"2":17,"3":17,"4":17,"5":17,"6":17,"7":17,"8":17,"9":17,"10":2},"b":{"0":[7,10],"1":[0,17],"2":[7,10],"3":[0,17],"4":[7,10],"5":[2,15],"6":[2,15],"7":[2],"8":[2],"9":[2],"10":[2]},"_coverageSchema":"1a1c01bbd47fc00a2c39e90264f33305004495a9","hash":"33b0e02a02274e1be2e7f3028e32949216b699eb"}
,"/home/runner/work/otus-react-redux-hw-7/otus-react-redux-hw-7/src/Cell/constatnts.ts": {"path":"/home/runner/work/otus-react-redux-hw-7/otus-react-redux-hw-7/src/Cell/constatnts.ts","statementMap":{"0":{"start":{"line":1,"column":26},"end":{"line":1,"column":28}},"1":{"start":{"line":2,"column":27},"end":{"line":2,"column":29}}},"fnMap":{},"branchMap":{},"s":{"0":3,"1":3},"f":{},"b":{},"_coverageSchema":"1a1c01bbd47fc00a2c39e90264f33305004495a9","hash":"3f2115a64dfe90fcd025852d2103eac2ada12225"}
,"/home/runner/work/otus-react-redux-hw-7/otus-react-redux-hw-7/src/Cell/index.tsx": {"path":"/home/runner/work/otus-react-redux-hw-7/otus-react-redux-hw-7/src/Cell/index.tsx","statementMap":{},"fnMap":{},"branchMap":{},"s":{},"f":{},"b":{},"_coverageSchema":"1a1c01bbd47fc00a2c39e90264f33305004495a9","hash":"347bad6ee44ba003bd19a2a5f6ed17a026e46d76"}
,"/home/runner/work/otus-react-redux-hw-7/otus-react-redux-hw-7/src/Cell/models.ts": {"path":"/home/runner/work/otus-react-redux-hw-7/otus-react-redux-hw-7/src/Cell/models.ts","statementMap":{},"fnMap":{},"branchMap":{},"s":{},"f":{},"b":{},"_coverageSchema":"1a1c01bbd47fc00a2c39e90264f33305004495a9","hash":"ff0b5b0e591b78dfa7eddded2d364f8fc7a52919"}
,"/home/runner/work/otus-react-redux-hw-7/otus-react-redux-hw-7/src/Cell/utils.ts": {"path":"/home/runner/work/otus-react-redux-hw-7/otus-react-redux-hw-7/src/Cell/utils.ts","statementMap":{"0":{"start":{"line":3,"column":27},"end":{"line":4,"column":58}},"1":{"start":{"line":4,"column":2},"end":{"line":4,"column":58}}},"fnMap":{"0":{"name":"(anonymous_0)","decl":{"start":{"line":3,"column":27},"end":{"line":3,"column":28}},"loc":{"start":{"line":4,"column":2},"end":{"line":4,"column":58}},"line":4}},"branchMap":{"0":{"loc":{"start":{"line":4,"column":2},"end":{"line":4,"column":58}},"type":"cond-expr","locations":[{"start":{"line":4,"column":28},"end":{"line":4,"column":41}},{"start":{"line":4,"column":44},"end":{"line":4,"column":58}}],"line":4}},"s":{"0":1,"1":0},"f":{"0":0},"b":{"0":[0,0]},"_coverageSchema":"1a1c01bbd47fc00a2c39e90264f33305004495a9","hash":"fc2481aeaf8c7c56ce2c32fc775d790c121b726e"}
,"/home/runner/work/otus-react-redux-hw-7/otus-react-redux-hw-7/src/GameField/GameField.tsx": {"path":"/home/runner/work/otus-react-redux-hw-7/otus-react-redux-hw-7/src/GameField/GameField.tsx","statementMap":{"0":{"start":{"line":6,"column":30},"end":{"line":8,"column":1}},"1":{"start":{"line":16,"column":41},"end":{"line":42,"column":1}},"2":{"start":{"line":17,"column":22},"end":{"line":17,"column":31}},"3":{"start":{"line":18,"column":23},"end":{"line":18,"column":58}},"4":{"start":{"line":19,"column":2},"end":{"line":41,"column":4}},"5":{"start":{"line":22,"column":18},"end":{"line":22,"column":43}},"6":{"start":{"line":23,"column":18},"end":{"line":23,"column":31}},"7":{"start":{"line":24,"column":24},"end":{"line":24,"column":41}},"8":{"start":{"line":25,"column":25},"end":{"line":25,"column":43}},"9":{"start":{"line":26,"column":23},"end":{"line":26,"column":30}},"10":{"start":{"line":27,"column":8},"end":{"line":37,"column":10}}},"fnMap":{"0":{"name":"(anonymous_0)","decl":{"start":{"line":16,"column":41},"end":{"line":16,"column":42}},"loc":{"start":{"line":16,"column":75},"end":{"line":42,"column":1}},"line":16},"1":{"name":"(anonymous_1)","decl":{"start":{"line":21,"column":16},"end":{"line":21,"column":17}},"loc":{"start":{"line":21,"column":33},"end":{"line":38,"column":7}},"line":21}},"branchMap":{},"s":{"0":2,"1":2,"2":4,"3":4,"4":4,"5":15,"6":15,"7":15,"8":15,"9":15,"10":15},"f":{"0":4,"1":15},"b":{},"_coverageSchema":"1a1c01bbd47fc00a2c39e90264f33305004495a9","hash":"dc6f483c1540fe5371d3b43d14ee45fdecf02fcc"}
,"/home/runner/work/otus-react-redux-hw-7/otus-react-redux-hw-7/src/GameField/index.tsx": {"path":"/home/runner/work/otus-react-redux-hw-7/otus-react-redux-hw-7/src/GameField/index.tsx","statementMap":{},"fnMap":{},"branchMap":{},"s":{},"f":{},"b":{},"_coverageSchema":"1a1c01bbd47fc00a2c39e90264f33305004495a9","hash":"6231dba0c09cd998219cd314f6f745e92614ab6c"}
}
