TN:
SF:src/App.tsx
FN:10,(anonymous_0)
FN:17,(anonymous_1)
FN:27,(anonymous_2)
FNF:3
FNH:2
FNDA:2,(anonymous_0)
FNDA:1,(anonymous_1)
FNDA:0,(anonymous_2)
DA:7,1
DA:8,1
DA:10,1
DA:11,2
DA:12,2
DA:13,2
DA:15,2
DA:17,2
DA:18,1
DA:19,1
DA:20,1
DA:21,1
DA:22,9
DA:24,1
DA:27,2
DA:28,0
DA:29,0
DA:32,0
DA:33,0
DA:34,0
DA:37,2
LF:21
LH:16
BRDA:19,0,0,0
BRDA:19,0,1,1
BRDA:28,1,0,0
BRDA:28,1,1,0
BRDA:28,2,0,0
BRDA:28,2,1,0
BRF:6
BRH:1
end_of_record
TN:
SF:src/index.tsx
FNF:0
FNH:0
DA:6,0
LF:1
LH:0
BRF:0
BRH:0
end_of_record
TN:
SF:src/Cell/Cell.tsx
FN:14,(anonymous_0)
FN:15,(anonymous_1)
FN:17,(anonymous_2)
FN:18,(anonymous_3)
FN:19,(anonymous_4)
FN:20,(anonymous_5)
FN:23,(anonymous_6)
FN:28,(anonymous_7)
FN:35,(anonymous_8)
FN:47,(anonymous_9)
FN:55,(anonymous_10)
FNF:11
FNH:11
FNDA:17,(anonymous_0)
FNDA:17,(anonymous_1)
FNDA:17,(anonymous_2)
FNDA:17,(anonymous_3)
FNDA:17,(anonymous_4)
FNDA:17,(anonymous_5)
FNDA:17,(anonymous_6)
FNDA:17,(anonymous_7)
FNDA:17,(anonymous_8)
FNDA:17,(anonymous_9)
FNDA:2,(anonymous_10)
DA:12,3
DA:14,17
DA:15,17
DA:17,17
DA:18,17
DA:19,17
DA:20,17
DA:23,17
DA:28,17
DA:34,3
DA:35,17
DA:47,3
DA:55,17
DA:56,2
DA:58,17
DA:60,17
LF:16
LH:16
BRDA:14,0,0,7
BRDA:14,0,1,10
BRDA:15,1,0,0
BRDA:15,1,1,17
BRDA:19,2,0,7
BRDA:19,2,1,10
BRDA:20,3,0,0
BRDA:20,3,1,17
BRDA:23,4,0,7
BRDA:23,4,1,10
BRDA:28,5,0,2
BRDA:28,5,1,15
BRDA:35,6,0,2
BRDA:35,6,1,15
BRDA:49,7,0,2
BRDA:50,8,0,2
BRDA:51,9,0,2
BRDA:52,10,0,2
BRF:18
BRH:16
end_of_record
TN:
SF:src/Cell/constatnts.ts
FNF:0
FNH:0
DA:1,3
DA:2,3
LF:2
LH:2
BRF:0
BRH:0
end_of_record
TN:
SF:src/Cell/index.tsx
FNF:0
FNH:0
LF:0
LH:0
BRF:0
BRH:0
end_of_record
TN:
SF:src/Cell/models.ts
FNF:0
FNH:0
LF:0
LH:0
BRF:0
BRH:0
end_of_record
TN:
SF:src/Cell/utils.ts
FN:3,(anonymous_0)
FNF:1
FNH:0
FNDA:0,(anonymous_0)
DA:3,1
DA:4,0
LF:2
LH:1
BRDA:4,0,0,0
BRDA:4,0,1,0
BRF:2
BRH:0
end_of_record
TN:
SF:src/GameField/GameField.tsx
FN:16,(anonymous_0)
FN:21,(anonymous_1)
FNF:2
FNH:2
FNDA:4,(anonymous_0)
FNDA:15,(anonymous_1)
DA:6,2
DA:16,2
DA:17,4
DA:18,4
DA:19,4
DA:22,15
DA:23,15
DA:24,15
DA:25,15
DA:26,15
DA:27,15
LF:11
LH:11
BRF:0
BRH:0
end_of_record
TN:
SF:src/GameField/index.tsx
FNF:0
FNH:0
LF:0
LH:0
BRF:0
BRH:0
end_of_record
