TN:
SF:src/index.tsx
FN:9,(anonymous_0)
FNF:1
FNH:0
FNDA:0,(anonymous_0)
DA:9,0
DA:11,0
DA:13,0
DA:22,0
LF:4
LH:0
BRF:0
BRH:0
end_of_record
TN:
SF:src/initialState.ts
FNF:0
FNH:0
DA:4,7
DA:5,7
DA:6,7
DA:8,7
LF:4
LH:4
BRF:0
BRH:0
end_of_record
TN:
SF:src/reducer.ts
FN:8,(anonymous_0)
FNF:1
FNH:1
FNDA:4,(anonymous_0)
DA:8,1
DA:9,4
DA:11,1
DA:12,1
DA:20,1
DA:21,1
DA:22,1
DA:23,1
DA:30,1
DA:37,1
DA:38,1
DA:39,1
LF:12
LH:12
BRDA:9,0,0,1
BRDA:9,0,1,1
BRDA:9,0,2,1
BRDA:9,0,3,1
BRDA:11,1,0,0
BRDA:11,2,0,1
BRDA:11,2,1,0
BRDA:20,3,0,0
BRDA:20,4,0,0
BRDA:20,5,0,1
BRDA:20,5,1,0
BRDA:37,6,0,0
BRDA:37,7,0,1
BRDA:37,7,1,0
BRF:14
BRH:7
end_of_record
TN:
SF:src/store.tsx
FN:10,(anonymous_0)
FNF:1
FNH:0
FNDA:0,(anonymous_0)
LF:0
LH:0
BRF:0
BRH:0
end_of_record
TN:
SF:src/App/AppBody.tsx
FN:10,(anonymous_0)
FNF:1
FNH:1
FNDA:3,(anonymous_0)
DA:5,2
DA:10,2
DA:11,3
LF:3
LH:3
BRF:0
BRH:0
end_of_record
TN:
SF:src/App/AppBottom.tsx
FN:10,(anonymous_0)
FNF:1
FNH:1
FNDA:2,(anonymous_0)
DA:6,2
DA:10,2
DA:11,2
DA:12,2
DA:14,2
LF:5
LH:5
BRF:0
BRH:0
end_of_record
TN:
SF:src/App/AppHeader.tsx
FN:13,(anonymous_0)
FN:16,(anonymous_1)
FN:20,(anonymous_2)
FNF:3
FNH:1
FNDA:2,(anonymous_0)
FNDA:0,(anonymous_1)
FNDA:0,(anonymous_2)
DA:9,2
DA:13,2
DA:14,2
DA:16,2
DA:17,0
DA:20,2
DA:21,0
DA:22,0
DA:25,2
LF:9
LH:6
BRF:0
BRH:0
end_of_record
TN:
SF:src/App/actionType.ts
FNF:0
FNH:0
DA:1,3
LF:1
LH:1
BRF:0
BRH:0
end_of_record
TN:
SF:src/App/actions.ts
FN:3,(anonymous_0)
FN:7,(anonymous_1)
FNF:2
FNH:2
FNDA:1,(anonymous_0)
FNDA:1,(anonymous_1)
DA:3,3
DA:7,3
LF:2
LH:2
BRF:0
BRH:0
end_of_record
TN:
SF:src/App/index.tsx
FN:37,(anonymous_0)
FNF:1
FNH:1
FNDA:1,(anonymous_0)
DA:9,1
DA:17,1
DA:37,1
DA:38,1
LF:4
LH:4
BRF:0
BRH:0
end_of_record
TN:
SF:src/components/Button.tsx
FN:14,(anonymous_0)
FNF:1
FNH:1
FNDA:4,(anonymous_0)
DA:5,3
DA:14,3
DA:15,4
LF:3
LH:3
BRDA:14,0,0,0
BRF:1
BRH:0
end_of_record
TN:
SF:src/components/Select.tsx
FN:13,(anonymous_0)
FNF:1
FNH:1
FNDA:4,(anonymous_0)
DA:5,3
DA:13,3
DA:14,4
LF:3
LH:3
BRF:0
BRH:0
end_of_record
TN:
SF:src/layout/Panel.ts
FNF:0
FNH:0
DA:3,3
LF:1
LH:1
BRF:0
BRH:0
end_of_record
TN:
SF:src/model/IAction.ts
FNF:0
FNH:0
LF:0
LH:0
BRF:0
BRH:0
end_of_record
TN:
SF:src/model/ICellInfo.ts
FNF:0
FNH:0
LF:0
LH:0
BRF:0
BRH:0
end_of_record
TN:
SF:src/model/IPayload.ts
FNF:0
FNH:0
LF:0
LH:0
BRF:0
BRH:0
end_of_record
TN:
SF:src/model/IState.ts
FNF:0
FNH:0
LF:0
LH:0
BRF:0
BRH:0
end_of_record
TN:
SF:src/model/index.ts
FNF:0
FNH:0
LF:0
LH:0
BRF:0
BRH:0
end_of_record
TN:
SF:src/modules/Cell/actionType.ts
FNF:0
FNH:0
DA:1,5
LF:1
LH:1
BRF:0
BRH:0
end_of_record
TN:
SF:src/modules/Cell/actions.ts
FN:3,(anonymous_0)
FNF:1
FNH:1
FNDA:2,(anonymous_0)
DA:3,5
LF:1
LH:1
BRF:0
BRH:0
end_of_record
TN:
SF:src/modules/Cell/constatnts.ts
FNF:0
FNH:0
DA:1,4
LF:1
LH:1
BRF:0
BRH:0
end_of_record
TN:
SF:src/modules/Cell/index.tsx
FN:16,(anonymous_0)
FN:17,(anonymous_1)
FN:19,(anonymous_2)
FN:20,(anonymous_3)
FN:21,(anonymous_4)
FN:22,(anonymous_5)
FN:24,(anonymous_6)
FN:41,(anonymous_7)
FN:47,(anonymous_8)
FN:63,(anonymous_9)
FN:72,(anonymous_10)
FNF:11
FNH:11
FNDA:45,(anonymous_0)
FNDA:45,(anonymous_1)
FNDA:45,(anonymous_2)
FNDA:45,(anonymous_3)
FNDA:45,(anonymous_4)
FNDA:45,(anonymous_5)
FNDA:45,(anonymous_6)
FNDA:7,(anonymous_7)
FNDA:7,(anonymous_8)
FNDA:45,(anonymous_9)
FNDA:1,(anonymous_10)
DA:14,4
DA:16,45
DA:17,45
DA:19,45
DA:20,45
DA:21,45
DA:22,45
DA:24,45
DA:37,4
DA:41,7
DA:47,7
DA:63,4
DA:70,45
DA:72,45
DA:73,1
DA:75,45
DA:77,45
LF:17
LH:17
BRDA:16,0,0,15
BRDA:16,0,1,30
BRDA:17,1,0,0
BRDA:17,1,1,45
BRDA:21,2,0,15
BRDA:21,2,1,30
BRDA:22,3,0,0
BRDA:22,3,1,45
BRDA:24,4,0,15
BRDA:24,4,1,30
BRDA:41,5,0,2
BRDA:41,5,1,5
BRDA:47,6,0,2
BRDA:47,6,1,5
BRDA:65,7,0,0
BRDA:66,8,0,43
BRDA:67,9,0,2
BRDA:68,10,0,2
BRDA:84,11,0,45
BRDA:84,11,1,7
BRF:20
BRH:17
end_of_record
TN:
SF:src/modules/Cell/models.ts
FNF:0
FNH:0
LF:0
LH:0
BRF:0
BRH:0
end_of_record
TN:
SF:src/modules/GameField/actionType.ts
FNF:0
FNH:0
DA:1,1
LF:1
LH:1
BRF:0
BRH:0
end_of_record
TN:
SF:src/modules/GameField/actions.ts
FN:3,(anonymous_0)
FNF:1
FNH:1
FNDA:1,(anonymous_0)
DA:3,1
LF:1
LH:1
BRF:0
BRH:0
end_of_record
TN:
SF:src/modules/GameField/index.tsx
FN:19,(anonymous_0)
FN:31,(anonymous_1)
FNF:2
FNH:2
FNDA:4,(anonymous_0)
FNDA:43,(anonymous_1)
DA:8,3
DA:19,3
DA:20,4
DA:21,4
DA:22,4
DA:23,4
DA:25,4
DA:26,0
DA:29,4
DA:32,43
DA:33,43
DA:34,43
DA:35,43
DA:36,43
DA:37,43
LF:15
LH:14
BRDA:21,0,0,0
BRDA:25,1,0,0
BRDA:25,1,1,4
BRF:3
BRH:1
end_of_record
TN:
SF:src/utils/createArrayBySize.ts
FN:1,(anonymous_0)
FN:2,(anonymous_1)
FNF:2
FNH:2
FNDA:14,(anonymous_0)
FNDA:658,(anonymous_1)
DA:1,9
DA:2,658
LF:2
LH:2
BRDA:1,0,0,1
BRF:1
BRH:1
end_of_record
TN:
SF:src/utils/createGameField.ts
FN:5,(anonymous_0)
FN:5,(anonymous_1)
FN:7,(anonymous_2)
FN:14,(anonymous_3)
FNF:4
FNH:4
FNDA:12,(anonymous_0)
FNDA:12,(anonymous_1)
FNDA:653,(anonymous_2)
FNDA:12,(anonymous_3)
DA:5,12
DA:6,12
DA:7,653
DA:8,12
DA:9,83
DA:11,12
DA:14,8
DA:15,12
LF:8
LH:8
BRDA:14,0,0,1
BRF:1
BRH:1
end_of_record
TN:
SF:src/utils/index.ts
FNF:0
FNH:0
LF:0
LH:0
BRF:0
BRH:0
end_of_record
TN:
SF:src/utils/shuffle.ts
FN:1,(anonymous_0)
FNF:1
FNH:1
FNDA:15,(anonymous_0)
DA:1,9
DA:2,15
DA:3,15
DA:4,653
DA:5,653
DA:6,653
DA:7,653
DA:9,15
LF:8
LH:8
BRF:0
BRH:0
end_of_record
